<?xml version="1.0" encoding="utf-8"?><testsuites name="pytest tests"><testsuite name="pytest" errors="0" failures="0" skipped="0" tests="26" time="36.729" timestamp="2026-08-19T00:08:46.881008+00:00" hostname="agent-env-401cb1e4-6f27-4f62-8f29-d615046d0a0c"><testcase classname="tests.test_clapclip_backend.TestAuth" name="test_login_demo_success" time="0.799" /><testcase classname="tests.test_clapclip_backend.TestPipeline" name="test_01_analyze_returns_project_id" time="0.816" /><testcase classname="tests.test_clapclip_backend.TestAuth" name="test_login_wrong_password" time="0.365" /><testcase classname="tests.test_clapclip_backend.TestPipeline" name="test_02_processing_reaches_completed" time="24.816" /><testcase classname="tests.test_clapclip_backend.TestAuth" name="test_me_requires_auth" time="0.133" /><testcase classname="tests.test_clapclip_backend.TestAuth" name="test_me_with_bearer" time="0.499" /><testcase classname="tests.test_clapclip_backend.TestAuth" name="test_register_duplicate_rejected" time="0.125" /><testcase classname="tests.test_clapclip_backend.TestAuth" name="test_register_new_user" time="0.400" /><testcase classname="tests.test_clapclip_backend.TestAnalyzeValidation" name="test_invalid_url_rejected" time="1.816" /><testcase classname="tests.test_clapclip_backend.TestAnalyzeValidation" name="test_empty_url_rejected" time="0.494" /><testcase classname="tests.test_clapclip_backend.TestAnalyzeValidation" name="test_analyze_requires_auth" time="0.125" /><testcase classname="tests.test_clapclip_backend.TestAnalyzeValidation" name="test_reviewer_url_accepted_by_validation" time="0.550" /><testcase classname="tests.test_clapclip_backend.TestHealth" name="test_root" time="0.160" /><testcase classname="tests.test_clapclip_backend.TestPipeline" name="test_03_clips_generated_with_real_ai_output" time="0.166" /><testcase classname="tests.test_clapclip_backend.TestPipeline" name="test_04_list_projects_includes_new" time="0.125" /><testcase classname="tests.test_clapclip_backend.TestPipeline" name="test_05_patch_clip_autosave" time="0.292" /><testcase classname="tests.test_clapclip_backend.TestPipeline" name="test_06_content_pack_regen" time="7.942" /><testcase classname="tests.test_clapclip_backend.TestPipeline" name="test_07_render_export" time="0.161" /><testcase classname="tests.test_clapclip_backend.TestPipeline" name="test_08_brand_kit_get_default" time="0.137" /><testcase classname="tests.test_clapclip_backend.TestPipeline" name="test_09_brand_kit_put_and_persist" time="0.251" /><testcase classname="tests.test_clapclip_backend.TestPipeline" name="test_10_usage" time="0.138" /><testcase classname="tests.test_clapclip_backend.TestPipeline" name="test_11_second_user_cannot_see_project" time="0.481" /><testcase classname="tests.test_clapclip_backend.TestPipeline" name="test_12_second_user_get_project_404" time="0.121" /><testcase classname="tests.test_clapclip_backend.TestPipeline" name="test_13_second_user_cannot_patch_demo_clip" time="0.144" /><testcase classname="tests.test_clapclip_backend.TestPipeline" name="test_14_rename_project" time="0.258" /><testcase classname="tests.test_clapclip_backend.TestPipeline" name="test_15_delete_project_cascades_clips" time="0.259" /></testsuite></testsuites>